<?xml version="1.0" encoding="UTF-8"?>
<!-- Generated by org.testng.reporters.JUnitReportReporter -->
<testsuite hostname="ESTEBAN" name="com.autoninja.fw.tests.TestPF" tests="1" failures="0" timestamp="2 Jun 2015 04:23:16 GMT" time="20.991" errors="0">
  <testcase name="CreateNewPolicy" time="20.991" classname="com.autoninja.fw.tests.TestPF"/>
</testsuite> <!-- com.autoninja.fw.tests.TestPF -->
