<?xml version="1.0" encoding="UTF-8"?>
<!-- Generated by org.testng.reporters.JUnitReportReporter -->
<testsuite hostname="ESTEBAN" name="com.autoninja.fw.tests.Tests" tests="1" failures="0" timestamp="2 Jun 2015 04:03:15 GMT" time="27.340" errors="0">
  <testcase name="CreateNewPolicy" time="27.340" classname="com.autoninja.fw.tests.Tests"/>
</testsuite> <!-- com.autoninja.fw.tests.Tests -->
